<?xml version="1.0" encoding="UTF-8"?>
<coverage generated="1652128103431" clover="3.2.0">
  <project timestamp="1652128103431" name="All files">
    <metrics statements="101" coveredstatements="85" conditionals="76" coveredconditionals="72" methods="32" coveredmethods="24" elements="209" coveredelements="181" complexity="0" loc="101" ncloc="101" packages="2" files="18" classes="18"/>
    <package name="dist.src.entities">
      <metrics statements="58" coveredstatements="50" conditionals="45" coveredconditionals="42" methods="17" coveredmethods="13"/>
      <file name="bishop.js" path="D:\bootcamp-04-copy\chess-with-onion\dist\src\entities\bishop.js">
        <metrics statements="4" coveredstatements="4" conditionals="5" coveredconditionals="5" methods="1" coveredmethods="1"/>
        <line num="2" count="1" type="stmt"/>
        <line num="3" count="1" type="stmt"/>
        <line num="6" count="2" type="cond" truecount="5" falsecount="0"/>
        <line num="14" count="1" type="stmt"/>
      </file>
      <file name="king.js" path="D:\bootcamp-04-copy\chess-with-onion\dist\src\entities\king.js">
        <metrics statements="4" coveredstatements="4" conditionals="4" coveredconditionals="4" methods="1" coveredmethods="1"/>
        <line num="2" count="1" type="stmt"/>
        <line num="3" count="1" type="stmt"/>
        <line num="6" count="4" type="cond" truecount="4" falsecount="0"/>
        <line num="12" count="1" type="stmt"/>
      </file>
      <file name="kingPiece.js" path="D:\bootcamp-04-copy\chess-with-onion\dist\src\entities\kingPiece.js">
        <metrics statements="15" coveredstatements="11" conditionals="7" coveredconditionals="6" methods="4" coveredmethods="2"/>
        <line num="2" count="1" type="cond" truecount="3" falsecount="0"/>
        <line num="3" count="1" type="cond" truecount="3" falsecount="1"/>
        <line num="5" count="1" type="stmt"/>
        <line num="6" count="1" type="stmt"/>
        <line num="7" count="1" type="stmt"/>
        <line num="10" count="1" type="stmt"/>
        <line num="11" count="1" type="stmt"/>
        <line num="12" count="1" type="stmt"/>
        <line num="13" count="1" type="stmt"/>
        <line num="14" count="1" type="stmt"/>
        <line num="17" count="0" type="stmt"/>
        <line num="18" count="0" type="stmt"/>
        <line num="21" count="0" type="stmt"/>
        <line num="22" count="0" type="stmt"/>
        <line num="25" count="1" type="stmt"/>
      </file>
      <file name="knight.js" path="D:\bootcamp-04-copy\chess-with-onion\dist\src\entities\knight.js">
        <metrics statements="4" coveredstatements="4" conditionals="6" coveredconditionals="5" methods="1" coveredmethods="1"/>
        <line num="2" count="1" type="stmt"/>
        <line num="3" count="1" type="stmt"/>
        <line num="6" count="4" type="cond" truecount="5" falsecount="1"/>
        <line num="14" count="1" type="stmt"/>
      </file>
      <file name="pawn.js" path="D:\bootcamp-04-copy\chess-with-onion\dist\src\entities\pawn.js">
        <metrics statements="4" coveredstatements="4" conditionals="3" coveredconditionals="3" methods="1" coveredmethods="1"/>
        <line num="2" count="1" type="stmt"/>
        <line num="3" count="1" type="stmt"/>
        <line num="6" count="3" type="cond" truecount="3" falsecount="0"/>
        <line num="11" count="1" type="stmt"/>
      </file>
      <file name="piece.js" path="D:\bootcamp-04-copy\chess-with-onion\dist\src\entities\piece.js">
        <metrics statements="13" coveredstatements="9" conditionals="7" coveredconditionals="6" methods="4" coveredmethods="2"/>
        <line num="2" count="5" type="cond" truecount="3" falsecount="0"/>
        <line num="3" count="5" type="cond" truecount="3" falsecount="1"/>
        <line num="5" count="5" type="stmt"/>
        <line num="6" count="5" type="stmt"/>
        <line num="7" count="5" type="stmt"/>
        <line num="10" count="5" type="stmt"/>
        <line num="11" count="5" type="stmt"/>
        <line num="12" count="5" type="stmt"/>
        <line num="15" count="0" type="stmt"/>
        <line num="16" count="0" type="stmt"/>
        <line num="19" count="0" type="stmt"/>
        <line num="20" count="0" type="stmt"/>
        <line num="23" count="5" type="stmt"/>
      </file>
      <file name="position.js" path="D:\bootcamp-04-copy\chess-with-onion\dist\src\entities\position.js">
        <metrics statements="6" coveredstatements="6" conditionals="0" coveredconditionals="0" methods="3" coveredmethods="3"/>
        <line num="2" count="6" type="stmt"/>
        <line num="5" count="26" type="stmt"/>
        <line num="6" count="26" type="stmt"/>
        <line num="9" count="58" type="stmt"/>
        <line num="12" count="84" type="stmt"/>
        <line num="15" count="6" type="stmt"/>
      </file>
      <file name="queen.js" path="D:\bootcamp-04-copy\chess-with-onion\dist\src\entities\queen.js">
        <metrics statements="4" coveredstatements="4" conditionals="9" coveredconditionals="9" methods="1" coveredmethods="1"/>
        <line num="2" count="1" type="stmt"/>
        <line num="3" count="1" type="stmt"/>
        <line num="6" count="4" type="cond" truecount="9" falsecount="0"/>
        <line num="18" count="1" type="stmt"/>
      </file>
      <file name="rook.js" path="D:\bootcamp-04-copy\chess-with-onion\dist\src\entities\rook.js">
        <metrics statements="4" coveredstatements="4" conditionals="4" coveredconditionals="4" methods="1" coveredmethods="1"/>
        <line num="2" count="1" type="stmt"/>
        <line num="3" count="1" type="stmt"/>
        <line num="6" count="3" type="cond" truecount="4" falsecount="0"/>
        <line num="12" count="1" type="stmt"/>
      </file>
    </package>
    <package name="src.entities">
      <metrics statements="43" coveredstatements="35" conditionals="31" coveredconditionals="30" methods="15" coveredmethods="11"/>
      <file name="bishop.ts" path="D:\bootcamp-04-copy\chess-with-onion\src\entities\bishop.ts">
        <metrics statements="3" coveredstatements="3" conditionals="5" coveredconditionals="5" methods="1" coveredmethods="1"/>
        <line num="2" count="1" type="stmt"/>
        <line num="6" count="1" type="stmt"/>
        <line num="8" count="2" type="stmt"/>
      </file>
      <file name="king.ts" path="D:\bootcamp-04-copy\chess-with-onion\src\entities\king.ts">
        <metrics statements="3" coveredstatements="3" conditionals="4" coveredconditionals="4" methods="1" coveredmethods="1"/>
        <line num="2" count="1" type="stmt"/>
        <line num="5" count="1" type="stmt"/>
        <line num="8" count="4" type="cond" truecount="4" falsecount="0"/>
      </file>
      <file name="kingPiece.ts" path="D:\bootcamp-04-copy\chess-with-onion\src\entities\kingPiece.ts">
        <metrics statements="11" coveredstatements="7" conditionals="0" coveredconditionals="0" methods="3" coveredmethods="1"/>
        <line num="2" count="1" type="stmt"/>
        <line num="6" count="1" type="stmt"/>
        <line num="11" count="1" type="stmt"/>
        <line num="14" count="1" type="stmt"/>
        <line num="15" count="1" type="stmt"/>
        <line num="16" count="1" type="stmt"/>
        <line num="18" count="1" type="stmt"/>
        <line num="22" count="0" type="stmt"/>
        <line num="23" count="0" type="stmt"/>
        <line num="26" count="0" type="stmt"/>
        <line num="27" count="0" type="stmt"/>
      </file>
      <file name="knight.ts" path="D:\bootcamp-04-copy\chess-with-onion\src\entities\knight.ts">
        <metrics statements="3" coveredstatements="3" conditionals="6" coveredconditionals="5" methods="1" coveredmethods="1"/>
        <line num="1" count="1" type="stmt"/>
        <line num="5" count="1" type="stmt"/>
        <line num="7" count="4" type="cond" truecount="5" falsecount="1"/>
      </file>
      <file name="pawn.ts" path="D:\bootcamp-04-copy\chess-with-onion\src\entities\pawn.ts">
        <metrics statements="3" coveredstatements="3" conditionals="3" coveredconditionals="3" methods="1" coveredmethods="1"/>
        <line num="1" count="1" type="stmt"/>
        <line num="5" count="1" type="stmt"/>
        <line num="7" count="3" type="cond" truecount="3" falsecount="0"/>
      </file>
      <file name="piece.ts" path="D:\bootcamp-04-copy\chess-with-onion\src\entities\piece.ts">
        <metrics statements="9" coveredstatements="5" conditionals="0" coveredconditionals="0" methods="3" coveredmethods="1"/>
        <line num="2" count="5" type="stmt"/>
        <line num="5" count="5" type="stmt"/>
        <line num="10" count="5" type="stmt"/>
        <line num="13" count="5" type="stmt"/>
        <line num="15" count="5" type="stmt"/>
        <line num="20" count="0" type="stmt"/>
        <line num="21" count="0" type="stmt"/>
        <line num="24" count="0" type="stmt"/>
        <line num="25" count="0" type="stmt"/>
      </file>
      <file name="position.ts" path="D:\bootcamp-04-copy\chess-with-onion\src\entities\position.ts">
        <metrics statements="5" coveredstatements="5" conditionals="0" coveredconditionals="0" methods="3" coveredmethods="3"/>
        <line num="3" count="6" type="stmt"/>
        <line num="5" count="26" type="stmt"/>
        <line num="6" count="26" type="stmt"/>
        <line num="10" count="58" type="stmt"/>
        <line num="13" count="84" type="stmt"/>
      </file>
      <file name="queen.ts" path="D:\bootcamp-04-copy\chess-with-onion\src\entities\queen.ts">
        <metrics statements="3" coveredstatements="3" conditionals="9" coveredconditionals="9" methods="1" coveredmethods="1"/>
        <line num="2" count="1" type="stmt"/>
        <line num="6" count="1" type="stmt"/>
        <line num="8" count="4" type="stmt"/>
      </file>
      <file name="rook.ts" path="D:\bootcamp-04-copy\chess-with-onion\src\entities\rook.ts">
        <metrics statements="3" coveredstatements="3" conditionals="4" coveredconditionals="4" methods="1" coveredmethods="1"/>
        <line num="1" count="1" type="stmt"/>
        <line num="5" count="1" type="stmt"/>
        <line num="8" count="3" type="cond" truecount="4" falsecount="0"/>
      </file>
    </package>
  </project>
</coverage>
