{"D:\\bootcamp-04-copy\\chess-with-onion\\dist\\src\\entities\\bishop.js": {"path":"D:\\bootcamp-04-copy\\chess-with-onion\\dist\\src\\entities\\bishop.js","statementMap":{"0":{"start":{"line":2,"column":0},"end":{"line":2,"column":62}},"1":{"start":{"line":3,"column":16},"end":{"line":3,"column":34}},"2":{"start":{"line":6,"column":8},"end":{"line":11,"column":106}},"3":{"start":{"line":14,"column":0},"end":{"line":14,"column":25}}},"fnMap":{"0":{"name":"(anonymous_0)","decl":{"start":{"line":5,"column":4},"end":{"line":5,"column":5}},"loc":{"start":{"line":5,"column":22},"end":{"line":12,"column":5}},"line":5}},"branchMap":{"0":{"loc":{"start":{"line":6,"column":16},"end":{"line":11,"column":104}},"type":"binary-expr","locations":[{"start":{"line":6,"column":16},"end":{"line":6,"column":75}},{"start":{"line":7,"column":15},"end":{"line":7,"column":102}},{"start":{"line":8,"column":16},"end":{"line":8,"column":61}},{"start":{"line":9,"column":19},"end":{"line":9,"column":64}},{"start":{"line":10,"column":16},"end":{"line":11,"column":103}}],"line":6}},"s":{"0":1,"1":1,"2":2,"3":1},"f":{"0":2},"b":{"0":[2,2,2,2,2]},"inputSourceMap":null,"_coverageSchema":"1a1c01bbd47fc00a2c39e90264f33305004495a9","hash":"a401c8e2a6a34ee3acd2102438bd04185ec34b6c"}
,"D:\\bootcamp-04-copy\\chess-with-onion\\dist\\src\\entities\\king.js": {"path":"D:\\bootcamp-04-copy\\chess-with-onion\\dist\\src\\entities\\king.js","statementMap":{"0":{"start":{"line":2,"column":0},"end":{"line":2,"column":62}},"1":{"start":{"line":3,"column":20},"end":{"line":3,"column":42}},"2":{"start":{"line":6,"column":8},"end":{"line":9,"column":67}},"3":{"start":{"line":12,"column":0},"end":{"line":12,"column":23}}},"fnMap":{"0":{"name":"(anonymous_0)","decl":{"start":{"line":5,"column":4},"end":{"line":5,"column":5}},"loc":{"start":{"line":5,"column":22},"end":{"line":10,"column":5}},"line":5}},"branchMap":{"0":{"loc":{"start":{"line":6,"column":16},"end":{"line":9,"column":65}},"type":"binary-expr","locations":[{"start":{"line":6,"column":16},"end":{"line":6,"column":75}},{"start":{"line":7,"column":15},"end":{"line":7,"column":102}},{"start":{"line":8,"column":16},"end":{"line":8,"column":61}},{"start":{"line":9,"column":19},"end":{"line":9,"column":64}}],"line":6}},"s":{"0":1,"1":1,"2":4,"3":1},"f":{"0":4},"b":{"0":[4,3,3,2]},"inputSourceMap":null,"_coverageSchema":"1a1c01bbd47fc00a2c39e90264f33305004495a9","hash":"ab95f5d8574427389f88aec0f20d74e8901d7321"}
,"D:\\bootcamp-04-copy\\chess-with-onion\\dist\\src\\entities\\kingPiece.js": {"path":"D:\\bootcamp-04-copy\\chess-with-onion\\dist\\src\\entities\\kingPiece.js","statementMap":{"0":{"start":{"line":2,"column":22},"end":{"line":4,"column":1}},"1":{"start":{"line":3,"column":4},"end":{"line":3,"column":62}},"2":{"start":{"line":5,"column":0},"end":{"line":5,"column":62}},"3":{"start":{"line":6,"column":0},"end":{"line":6,"column":27}},"4":{"start":{"line":7,"column":19},"end":{"line":7,"column":57}},"5":{"start":{"line":10,"column":8},"end":{"line":10,"column":27}},"6":{"start":{"line":11,"column":8},"end":{"line":11,"column":27}},"7":{"start":{"line":12,"column":8},"end":{"line":12,"column":31}},"8":{"start":{"line":13,"column":8},"end":{"line":13,"column":39}},"9":{"start":{"line":14,"column":8},"end":{"line":14,"column":59}},"10":{"start":{"line":17,"column":8},"end":{"line":17,"column":33}},"11":{"start":{"line":18,"column":8},"end":{"line":18,"column":20}},"12":{"start":{"line":21,"column":8},"end":{"line":21,"column":33}},"13":{"start":{"line":22,"column":8},"end":{"line":22,"column":20}},"14":{"start":{"line":25,"column":0},"end":{"line":25,"column":30}}},"fnMap":{"0":{"name":"(anonymous_0)","decl":{"start":{"line":2,"column":56},"end":{"line":2,"column":57}},"loc":{"start":{"line":2,"column":71},"end":{"line":4,"column":1}},"line":2},"1":{"name":"(anonymous_1)","decl":{"start":{"line":9,"column":4},"end":{"line":9,"column":5}},"loc":{"start":{"line":9,"column":64},"end":{"line":15,"column":5}},"line":9},"2":{"name":"(anonymous_2)","decl":{"start":{"line":16,"column":4},"end":{"line":16,"column":5}},"loc":{"start":{"line":16,"column":21},"end":{"line":19,"column":5}},"line":16},"3":{"name":"(anonymous_3)","decl":{"start":{"line":20,"column":4},"end":{"line":20,"column":5}},"loc":{"start":{"line":20,"column":22},"end":{"line":23,"column":5}},"line":20}},"branchMap":{"0":{"loc":{"start":{"line":2,"column":22},"end":{"line":4,"column":1}},"type":"binary-expr","locations":[{"start":{"line":2,"column":23},"end":{"line":2,"column":27}},{"start":{"line":2,"column":31},"end":{"line":2,"column":51}},{"start":{"line":2,"column":56},"end":{"line":4,"column":1}}],"line":2},"1":{"loc":{"start":{"line":3,"column":11},"end":{"line":3,"column":61}},"type":"cond-expr","locations":[{"start":{"line":3,"column":37},"end":{"line":3,"column":40}},{"start":{"line":3,"column":43},"end":{"line":3,"column":61}}],"line":3},"2":{"loc":{"start":{"line":3,"column":12},"end":{"line":3,"column":33}},"type":"binary-expr","locations":[{"start":{"line":3,"column":12},"end":{"line":3,"column":15}},{"start":{"line":3,"column":19},"end":{"line":3,"column":33}}],"line":3}},"s":{"0":1,"1":1,"2":1,"3":1,"4":1,"5":1,"6":1,"7":1,"8":1,"9":1,"10":0,"11":0,"12":0,"13":0,"14":1},"f":{"0":1,"1":1,"2":0,"3":0},"b":{"0":[1,1,1],"1":[1,0],"2":[1,1]},"inputSourceMap":null,"_coverageSchema":"1a1c01bbd47fc00a2c39e90264f33305004495a9","hash":"85f78ffa8193f7b57571d508107e46806878e267"}
,"D:\\bootcamp-04-copy\\chess-with-onion\\dist\\src\\entities\\knight.js": {"path":"D:\\bootcamp-04-copy\\chess-with-onion\\dist\\src\\entities\\knight.js","statementMap":{"0":{"start":{"line":2,"column":0},"end":{"line":2,"column":62}},"1":{"start":{"line":3,"column":16},"end":{"line":3,"column":34}},"2":{"start":{"line":6,"column":8},"end":{"line":11,"column":71}},"3":{"start":{"line":14,"column":0},"end":{"line":14,"column":25}}},"fnMap":{"0":{"name":"(anonymous_0)","decl":{"start":{"line":5,"column":4},"end":{"line":5,"column":5}},"loc":{"start":{"line":5,"column":22},"end":{"line":12,"column":5}},"line":5}},"branchMap":{"0":{"loc":{"start":{"line":6,"column":16},"end":{"line":11,"column":69}},"type":"binary-expr","locations":[{"start":{"line":6,"column":16},"end":{"line":6,"column":75}},{"start":{"line":7,"column":15},"end":{"line":7,"column":102}},{"start":{"line":8,"column":16},"end":{"line":8,"column":75}},{"start":{"line":9,"column":19},"end":{"line":9,"column":106}},{"start":{"line":10,"column":20},"end":{"line":10,"column":65}},{"start":{"line":11,"column":23},"end":{"line":11,"column":68}}],"line":6}},"s":{"0":1,"1":1,"2":4,"3":1},"f":{"0":4},"b":{"0":[4,3,3,1,1,0]},"inputSourceMap":null,"_coverageSchema":"1a1c01bbd47fc00a2c39e90264f33305004495a9","hash":"01ed3ba05f2bc9bcaffb9d669e108ac16c6e7f82"}
,"D:\\bootcamp-04-copy\\chess-with-onion\\dist\\src\\entities\\pawn.js": {"path":"D:\\bootcamp-04-copy\\chess-with-onion\\dist\\src\\entities\\pawn.js","statementMap":{"0":{"start":{"line":2,"column":0},"end":{"line":2,"column":62}},"1":{"start":{"line":3,"column":16},"end":{"line":3,"column":34}},"2":{"start":{"line":6,"column":8},"end":{"line":8,"column":64}},"3":{"start":{"line":11,"column":0},"end":{"line":11,"column":23}}},"fnMap":{"0":{"name":"(anonymous_0)","decl":{"start":{"line":5,"column":4},"end":{"line":5,"column":5}},"loc":{"start":{"line":5,"column":22},"end":{"line":9,"column":5}},"line":5}},"branchMap":{"0":{"loc":{"start":{"line":6,"column":16},"end":{"line":8,"column":62}},"type":"binary-expr","locations":[{"start":{"line":6,"column":16},"end":{"line":6,"column":75}},{"start":{"line":7,"column":15},"end":{"line":7,"column":102}},{"start":{"line":8,"column":16},"end":{"line":8,"column":61}}],"line":6}},"s":{"0":1,"1":1,"2":3,"3":1},"f":{"0":3},"b":{"0":[3,2,1]},"inputSourceMap":null,"_coverageSchema":"1a1c01bbd47fc00a2c39e90264f33305004495a9","hash":"df498e13f619649428eb83d7963dcb43f074a3e1"}
,"D:\\bootcamp-04-copy\\chess-with-onion\\dist\\src\\entities\\piece.js": {"path":"D:\\bootcamp-04-copy\\chess-with-onion\\dist\\src\\entities\\piece.js","statementMap":{"0":{"start":{"line":2,"column":22},"end":{"line":4,"column":1}},"1":{"start":{"line":3,"column":4},"end":{"line":3,"column":62}},"2":{"start":{"line":5,"column":0},"end":{"line":5,"column":62}},"3":{"start":{"line":6,"column":0},"end":{"line":6,"column":23}},"4":{"start":{"line":7,"column":19},"end":{"line":7,"column":57}},"5":{"start":{"line":10,"column":8},"end":{"line":10,"column":27}},"6":{"start":{"line":11,"column":8},"end":{"line":11,"column":27}},"7":{"start":{"line":12,"column":8},"end":{"line":12,"column":59}},"8":{"start":{"line":15,"column":8},"end":{"line":15,"column":33}},"9":{"start":{"line":16,"column":8},"end":{"line":16,"column":20}},"10":{"start":{"line":19,"column":8},"end":{"line":19,"column":33}},"11":{"start":{"line":20,"column":8},"end":{"line":20,"column":20}},"12":{"start":{"line":23,"column":0},"end":{"line":23,"column":22}}},"fnMap":{"0":{"name":"(anonymous_0)","decl":{"start":{"line":2,"column":56},"end":{"line":2,"column":57}},"loc":{"start":{"line":2,"column":71},"end":{"line":4,"column":1}},"line":2},"1":{"name":"(anonymous_1)","decl":{"start":{"line":9,"column":4},"end":{"line":9,"column":5}},"loc":{"start":{"line":9,"column":42},"end":{"line":13,"column":5}},"line":9},"2":{"name":"(anonymous_2)","decl":{"start":{"line":14,"column":4},"end":{"line":14,"column":5}},"loc":{"start":{"line":14,"column":21},"end":{"line":17,"column":5}},"line":14},"3":{"name":"(anonymous_3)","decl":{"start":{"line":18,"column":4},"end":{"line":18,"column":5}},"loc":{"start":{"line":18,"column":22},"end":{"line":21,"column":5}},"line":18}},"branchMap":{"0":{"loc":{"start":{"line":2,"column":22},"end":{"line":4,"column":1}},"type":"binary-expr","locations":[{"start":{"line":2,"column":23},"end":{"line":2,"column":27}},{"start":{"line":2,"column":31},"end":{"line":2,"column":51}},{"start":{"line":2,"column":56},"end":{"line":4,"column":1}}],"line":2},"1":{"loc":{"start":{"line":3,"column":11},"end":{"line":3,"column":61}},"type":"cond-expr","locations":[{"start":{"line":3,"column":37},"end":{"line":3,"column":40}},{"start":{"line":3,"column":43},"end":{"line":3,"column":61}}],"line":3},"2":{"loc":{"start":{"line":3,"column":12},"end":{"line":3,"column":33}},"type":"binary-expr","locations":[{"start":{"line":3,"column":12},"end":{"line":3,"column":15}},{"start":{"line":3,"column":19},"end":{"line":3,"column":33}}],"line":3}},"s":{"0":5,"1":5,"2":5,"3":5,"4":5,"5":5,"6":5,"7":5,"8":0,"9":0,"10":0,"11":0,"12":5},"f":{"0":5,"1":5,"2":0,"3":0},"b":{"0":[5,5,5],"1":[5,0],"2":[5,5]},"inputSourceMap":null,"_coverageSchema":"1a1c01bbd47fc00a2c39e90264f33305004495a9","hash":"6cbce7987bc6a9525ad77d4ce12764847b00a1db"}
,"D:\\bootcamp-04-copy\\chess-with-onion\\dist\\src\\entities\\position.js": {"path":"D:\\bootcamp-04-copy\\chess-with-onion\\dist\\src\\entities\\position.js","statementMap":{"0":{"start":{"line":2,"column":0},"end":{"line":2,"column":62}},"1":{"start":{"line":5,"column":8},"end":{"line":5,"column":25}},"2":{"start":{"line":6,"column":8},"end":{"line":6,"column":25}},"3":{"start":{"line":9,"column":8},"end":{"line":9,"column":25}},"4":{"start":{"line":12,"column":8},"end":{"line":12,"column":25}},"5":{"start":{"line":15,"column":0},"end":{"line":15,"column":27}}},"fnMap":{"0":{"name":"(anonymous_0)","decl":{"start":{"line":4,"column":4},"end":{"line":4,"column":5}},"loc":{"start":{"line":4,"column":28},"end":{"line":7,"column":5}},"line":4},"1":{"name":"(anonymous_1)","decl":{"start":{"line":8,"column":4},"end":{"line":8,"column":5}},"loc":{"start":{"line":8,"column":14},"end":{"line":10,"column":5}},"line":8},"2":{"name":"(anonymous_2)","decl":{"start":{"line":11,"column":4},"end":{"line":11,"column":5}},"loc":{"start":{"line":11,"column":14},"end":{"line":13,"column":5}},"line":11}},"branchMap":{},"s":{"0":6,"1":26,"2":26,"3":58,"4":84,"5":6},"f":{"0":26,"1":58,"2":84},"b":{},"inputSourceMap":null,"_coverageSchema":"1a1c01bbd47fc00a2c39e90264f33305004495a9","hash":"6fc059c2b24a9b87b4b168f9317b3f26a508d7dc"}
,"D:\\bootcamp-04-copy\\chess-with-onion\\dist\\src\\entities\\queen.js": {"path":"D:\\bootcamp-04-copy\\chess-with-onion\\dist\\src\\entities\\queen.js","statementMap":{"0":{"start":{"line":2,"column":0},"end":{"line":2,"column":62}},"1":{"start":{"line":3,"column":16},"end":{"line":3,"column":34}},"2":{"start":{"line":6,"column":8},"end":{"line":15,"column":71}},"3":{"start":{"line":18,"column":0},"end":{"line":18,"column":24}}},"fnMap":{"0":{"name":"(anonymous_0)","decl":{"start":{"line":5,"column":4},"end":{"line":5,"column":5}},"loc":{"start":{"line":5,"column":22},"end":{"line":16,"column":5}},"line":5}},"branchMap":{"0":{"loc":{"start":{"line":6,"column":16},"end":{"line":15,"column":69}},"type":"binary-expr","locations":[{"start":{"line":6,"column":17},"end":{"line":6,"column":76}},{"start":{"line":7,"column":15},"end":{"line":7,"column":102}},{"start":{"line":8,"column":16},"end":{"line":9,"column":103}},{"start":{"line":10,"column":16},"end":{"line":10,"column":75}},{"start":{"line":11,"column":19},"end":{"line":11,"column":106}},{"start":{"line":12,"column":16},"end":{"line":12,"column":75}},{"start":{"line":13,"column":19},"end":{"line":13,"column":106}},{"start":{"line":14,"column":20},"end":{"line":14,"column":65}},{"start":{"line":15,"column":23},"end":{"line":15,"column":68}}],"line":6}},"s":{"0":1,"1":1,"2":4,"3":1},"f":{"0":4},"b":{"0":[4,3,2,3,2,2,1,1,1]},"inputSourceMap":null,"_coverageSchema":"1a1c01bbd47fc00a2c39e90264f33305004495a9","hash":"ab81be2699d15e9fc41a5a49782587ed0991a4d0"}
,"D:\\bootcamp-04-copy\\chess-with-onion\\dist\\src\\entities\\rook.js": {"path":"D:\\bootcamp-04-copy\\chess-with-onion\\dist\\src\\entities\\rook.js","statementMap":{"0":{"start":{"line":2,"column":0},"end":{"line":2,"column":62}},"1":{"start":{"line":3,"column":16},"end":{"line":3,"column":34}},"2":{"start":{"line":6,"column":8},"end":{"line":9,"column":109}},"3":{"start":{"line":12,"column":0},"end":{"line":12,"column":23}}},"fnMap":{"0":{"name":"(anonymous_0)","decl":{"start":{"line":5,"column":4},"end":{"line":5,"column":5}},"loc":{"start":{"line":5,"column":22},"end":{"line":10,"column":5}},"line":5}},"branchMap":{"0":{"loc":{"start":{"line":6,"column":16},"end":{"line":9,"column":107}},"type":"binary-expr","locations":[{"start":{"line":6,"column":16},"end":{"line":6,"column":75}},{"start":{"line":7,"column":15},"end":{"line":7,"column":102}},{"start":{"line":8,"column":16},"end":{"line":8,"column":75}},{"start":{"line":9,"column":19},"end":{"line":9,"column":106}}],"line":6}},"s":{"0":1,"1":1,"2":3,"3":1},"f":{"0":3},"b":{"0":[3,2,2,1]},"inputSourceMap":null,"_coverageSchema":"1a1c01bbd47fc00a2c39e90264f33305004495a9","hash":"a8639bb095f6e185f2196dd023b64518e108614a"}
,"D:\\bootcamp-04-copy\\chess-with-onion\\src\\entities\\bishop.ts": {"path":"D:\\bootcamp-04-copy\\chess-with-onion\\src\\entities\\bishop.ts","statementMap":{"0":{"start":{"line":2,"column":0},"end":{"line":2,"column":32}},"1":{"start":{"line":8,"column":8},"end":{"line":17,"column":null}},"2":{"start":{"line":6,"column":0},"end":{"line":6,"column":21}}},"fnMap":{"0":{"name":"(anonymous_0)","decl":{"start":{"line":7,"column":4},"end":{"line":7,"column":11}},"loc":{"start":{"line":7,"column":30},"end":{"line":18,"column":5}}}},"branchMap":{"0":{"loc":{"start":{"line":9,"column":12},"end":{"line":15,"column":null}},"type":"binary-expr","locations":[{"start":{"line":9,"column":12},"end":{"line":9,"column":71}},{"start":{"line":10,"column":15},"end":{"line":10,"column":101}},{"start":{"line":11,"column":16},"end":{"line":11,"column":61}},{"start":{"line":12,"column":15},"end":{"line":12,"column":60}},{"start":{"line":14,"column":16},"end":{"line":15,"column":103}}]}},"s":{"0":1,"1":2,"2":1},"f":{"0":2},"b":{"0":[2,2,2,2,2]}}
,"D:\\bootcamp-04-copy\\chess-with-onion\\src\\entities\\king.ts": {"path":"D:\\bootcamp-04-copy\\chess-with-onion\\src\\entities\\king.ts","statementMap":{"0":{"start":{"line":2,"column":0},"end":{"line":2,"column":39}},"1":{"start":{"line":8,"column":8},"end":{"line":11,"column":null}},"2":{"start":{"line":5,"column":0},"end":{"line":5,"column":21}}},"fnMap":{"0":{"name":"(anonymous_0)","decl":{"start":{"line":7,"column":4},"end":{"line":7,"column":11}},"loc":{"start":{"line":7,"column":30},"end":{"line":12,"column":5}}}},"branchMap":{"0":{"loc":{"start":{"line":8,"column":16},"end":{"line":11,"column":57}},"type":"binary-expr","locations":[{"start":{"line":8,"column":16},"end":{"line":8,"column":75}},{"start":{"line":9,"column":11},"end":{"line":9,"column":98}},{"start":{"line":10,"column":12},"end":{"line":10,"column":57}},{"start":{"line":11,"column":11},"end":{"line":11,"column":56}}]}},"s":{"0":1,"1":4,"2":1},"f":{"0":4},"b":{"0":[4,3,3,2]}}
,"D:\\bootcamp-04-copy\\chess-with-onion\\src\\entities\\kingPiece.ts": {"path":"D:\\bootcamp-04-copy\\chess-with-onion\\src\\entities\\kingPiece.ts","statementMap":{"0":{"start":{"line":2,"column":0},"end":{"line":2,"column":34}},"1":{"start":{"line":11,"column":25},"end":{"line":11,"column":37}},"2":{"start":{"line":14,"column":16},"end":{"line":14,"column":28}},"3":{"start":{"line":15,"column":16},"end":{"line":15,"column":32}},"4":{"start":{"line":16,"column":16},"end":{"line":16,"column":40}},"5":{"start":{"line":18,"column":8},"end":{"line":18,"column":49}},"6":{"start":{"line":22,"column":8},"end":{"line":22,"column":null}},"7":{"start":{"line":23,"column":8},"end":{"line":23,"column":20}},"8":{"start":{"line":26,"column":8},"end":{"line":26,"column":33}},"9":{"start":{"line":27,"column":8},"end":{"line":27,"column":20}},"10":{"start":{"line":6,"column":0},"end":{"line":6,"column":22}}},"fnMap":{"0":{"name":"(anonymous_1)","decl":{"start":{"line":10,"column":4},"end":{"line":10,"column":null}},"loc":{"start":{"line":16,"column":40},"end":{"line":19,"column":5}}},"1":{"name":"(anonymous_2)","decl":{"start":{"line":21,"column":4},"end":{"line":21,"column":10}},"loc":{"start":{"line":21,"column":29},"end":{"line":24,"column":5}}},"2":{"name":"(anonymous_3)","decl":{"start":{"line":25,"column":4},"end":{"line":25,"column":11}},"loc":{"start":{"line":25,"column":30},"end":{"line":28,"column":5}}}},"branchMap":{},"s":{"0":1,"1":1,"2":1,"3":1,"4":1,"5":1,"6":0,"7":0,"8":0,"9":0,"10":1},"f":{"0":1,"1":0,"2":0},"b":{}}
,"D:\\bootcamp-04-copy\\chess-with-onion\\src\\entities\\knight.ts": {"path":"D:\\bootcamp-04-copy\\chess-with-onion\\src\\entities\\knight.ts","statementMap":{"0":{"start":{"line":1,"column":0},"end":{"line":1,"column":32}},"1":{"start":{"line":7,"column":8},"end":{"line":12,"column":null}},"2":{"start":{"line":5,"column":0},"end":{"line":5,"column":21}}},"fnMap":{"0":{"name":"(anonymous_0)","decl":{"start":{"line":6,"column":4},"end":{"line":6,"column":11}},"loc":{"start":{"line":6,"column":30},"end":{"line":13,"column":5}}}},"branchMap":{"0":{"loc":{"start":{"line":7,"column":16},"end":{"line":12,"column":57}},"type":"binary-expr","locations":[{"start":{"line":7,"column":16},"end":{"line":7,"column":75}},{"start":{"line":8,"column":11},"end":{"line":8,"column":98}},{"start":{"line":9,"column":12},"end":{"line":9,"column":71}},{"start":{"line":10,"column":11},"end":{"line":10,"column":98}},{"start":{"line":11,"column":12},"end":{"line":11,"column":57}},{"start":{"line":12,"column":11},"end":{"line":12,"column":56}}]}},"s":{"0":1,"1":4,"2":1},"f":{"0":4},"b":{"0":[4,3,3,1,1,0]}}
,"D:\\bootcamp-04-copy\\chess-with-onion\\src\\entities\\pawn.ts": {"path":"D:\\bootcamp-04-copy\\chess-with-onion\\src\\entities\\pawn.ts","statementMap":{"0":{"start":{"line":1,"column":0},"end":{"line":1,"column":31}},"1":{"start":{"line":7,"column":8},"end":{"line":9,"column":null}},"2":{"start":{"line":5,"column":0},"end":{"line":5,"column":21}}},"fnMap":{"0":{"name":"(anonymous_0)","decl":{"start":{"line":6,"column":4},"end":{"line":6,"column":11}},"loc":{"start":{"line":6,"column":30},"end":{"line":10,"column":5}}}},"branchMap":{"0":{"loc":{"start":{"line":7,"column":16},"end":{"line":9,"column":58}},"type":"binary-expr","locations":[{"start":{"line":7,"column":16},"end":{"line":7,"column":75}},{"start":{"line":8,"column":11},"end":{"line":8,"column":98}},{"start":{"line":9,"column":12},"end":{"line":9,"column":57}}]}},"s":{"0":1,"1":3,"2":1},"f":{"0":3},"b":{"0":[3,2,1]}}
,"D:\\bootcamp-04-copy\\chess-with-onion\\src\\entities\\piece.ts": {"path":"D:\\bootcamp-04-copy\\chess-with-onion\\src\\entities\\piece.ts","statementMap":{"0":{"start":{"line":2,"column":0},"end":{"line":2,"column":34}},"1":{"start":{"line":10,"column":25},"end":{"line":10,"column":37}},"2":{"start":{"line":13,"column":16},"end":{"line":13,"column":28}},"3":{"start":{"line":15,"column":8},"end":{"line":15,"column":49}},"4":{"start":{"line":20,"column":8},"end":{"line":20,"column":null}},"5":{"start":{"line":21,"column":8},"end":{"line":21,"column":20}},"6":{"start":{"line":24,"column":8},"end":{"line":24,"column":33}},"7":{"start":{"line":25,"column":8},"end":{"line":25,"column":20}},"8":{"start":{"line":5,"column":0},"end":{"line":5,"column":22}}},"fnMap":{"0":{"name":"(anonymous_1)","decl":{"start":{"line":9,"column":4},"end":{"line":9,"column":null}},"loc":{"start":{"line":13,"column":28},"end":{"line":16,"column":5}}},"1":{"name":"(anonymous_2)","decl":{"start":{"line":19,"column":4},"end":{"line":19,"column":10}},"loc":{"start":{"line":19,"column":29},"end":{"line":22,"column":5}}},"2":{"name":"(anonymous_3)","decl":{"start":{"line":23,"column":4},"end":{"line":23,"column":11}},"loc":{"start":{"line":23,"column":30},"end":{"line":26,"column":5}}}},"branchMap":{},"s":{"0":5,"1":5,"2":5,"3":5,"4":0,"5":0,"6":0,"7":0,"8":5},"f":{"0":5,"1":0,"2":0},"b":{}}
,"D:\\bootcamp-04-copy\\chess-with-onion\\src\\entities\\position.ts": {"path":"D:\\bootcamp-04-copy\\chess-with-onion\\src\\entities\\position.ts","statementMap":{"0":{"start":{"line":5,"column":16},"end":{"line":5,"column":26}},"1":{"start":{"line":6,"column":16},"end":{"line":6,"column":26}},"2":{"start":{"line":10,"column":8},"end":{"line":10,"column":25}},"3":{"start":{"line":13,"column":8},"end":{"line":13,"column":25}},"4":{"start":{"line":3,"column":0},"end":{"line":3,"column":21}}},"fnMap":{"0":{"name":"(anonymous_0)","decl":{"start":{"line":4,"column":4},"end":{"line":4,"column":null}},"loc":{"start":{"line":6,"column":26},"end":{"line":8,"column":5}}},"1":{"name":"(anonymous_1)","decl":{"start":{"line":9,"column":4},"end":{"line":9,"column":11}},"loc":{"start":{"line":9,"column":11},"end":{"line":11,"column":5}}},"2":{"name":"(anonymous_2)","decl":{"start":{"line":12,"column":4},"end":{"line":12,"column":11}},"loc":{"start":{"line":12,"column":11},"end":{"line":14,"column":5}}}},"branchMap":{},"s":{"0":26,"1":26,"2":58,"3":84,"4":6},"f":{"0":26,"1":58,"2":84},"b":{}}
,"D:\\bootcamp-04-copy\\chess-with-onion\\src\\entities\\queen.ts": {"path":"D:\\bootcamp-04-copy\\chess-with-onion\\src\\entities\\queen.ts","statementMap":{"0":{"start":{"line":2,"column":0},"end":{"line":2,"column":32}},"1":{"start":{"line":8,"column":8},"end":{"line":22,"column":null}},"2":{"start":{"line":6,"column":0},"end":{"line":6,"column":21}}},"fnMap":{"0":{"name":"(anonymous_0)","decl":{"start":{"line":7,"column":4},"end":{"line":7,"column":11}},"loc":{"start":{"line":7,"column":30},"end":{"line":23,"column":5}}}},"branchMap":{"0":{"loc":{"start":{"line":9,"column":12},"end":{"line":20,"column":61}},"type":"binary-expr","locations":[{"start":{"line":9,"column":13},"end":{"line":9,"column":72}},{"start":{"line":10,"column":15},"end":{"line":10,"column":101}},{"start":{"line":12,"column":16},"end":{"line":13,"column":103}},{"start":{"line":15,"column":16},"end":{"line":15,"column":75}},{"start":{"line":16,"column":15},"end":{"line":16,"column":102}},{"start":{"line":17,"column":16},"end":{"line":17,"column":75}},{"start":{"line":18,"column":15},"end":{"line":18,"column":102}},{"start":{"line":19,"column":16},"end":{"line":19,"column":61}},{"start":{"line":20,"column":15},"end":{"line":20,"column":60}}]}},"s":{"0":1,"1":4,"2":1},"f":{"0":4},"b":{"0":[4,3,2,3,2,2,1,1,1]}}
,"D:\\bootcamp-04-copy\\chess-with-onion\\src\\entities\\rook.ts": {"path":"D:\\bootcamp-04-copy\\chess-with-onion\\src\\entities\\rook.ts","statementMap":{"0":{"start":{"line":1,"column":0},"end":{"line":1,"column":30}},"1":{"start":{"line":8,"column":8},"end":{"line":11,"column":null}},"2":{"start":{"line":5,"column":0},"end":{"line":5,"column":21}}},"fnMap":{"0":{"name":"(anonymous_0)","decl":{"start":{"line":7,"column":4},"end":{"line":7,"column":11}},"loc":{"start":{"line":7,"column":30},"end":{"line":12,"column":5}}}},"branchMap":{"0":{"loc":{"start":{"line":8,"column":16},"end":{"line":11,"column":99}},"type":"binary-expr","locations":[{"start":{"line":8,"column":16},"end":{"line":8,"column":75}},{"start":{"line":9,"column":11},"end":{"line":9,"column":98}},{"start":{"line":10,"column":12},"end":{"line":10,"column":71}},{"start":{"line":11,"column":11},"end":{"line":11,"column":98}}]}},"s":{"0":1,"1":3,"2":1},"f":{"0":3},"b":{"0":[3,2,2,1]}}
}
