TN:
SF:dist\src\entities\bishop.js
FN:5,(anonymous_0)
FNF:1
FNH:1
FNDA:2,(anonymous_0)
DA:2,1
DA:3,1
DA:6,2
DA:14,1
LF:4
LH:4
BRDA:6,0,0,2
BRDA:6,0,1,2
BRDA:6,0,2,2
BRDA:6,0,3,2
BRDA:6,0,4,2
BRF:5
BRH:5
end_of_record
TN:
SF:dist\src\entities\king.js
FN:5,(anonymous_0)
FNF:1
FNH:1
FNDA:4,(anonymous_0)
DA:2,1
DA:3,1
DA:6,4
DA:12,1
LF:4
LH:4
BRDA:6,0,0,4
BRDA:6,0,1,3
BRDA:6,0,2,3
BRDA:6,0,3,2
BRF:4
BRH:4
end_of_record
TN:
SF:dist\src\entities\kingPiece.js
FN:2,(anonymous_0)
FN:9,(anonymous_1)
FN:16,(anonymous_2)
FN:20,(anonymous_3)
FNF:4
FNH:2
FNDA:1,(anonymous_0)
FNDA:1,(anonymous_1)
FNDA:0,(anonymous_2)
FNDA:0,(anonymous_3)
DA:2,1
DA:3,1
DA:5,1
DA:6,1
DA:7,1
DA:10,1
DA:11,1
DA:12,1
DA:13,1
DA:14,1
DA:17,0
DA:18,0
DA:21,0
DA:22,0
DA:25,1
LF:15
LH:11
BRDA:2,0,0,1
BRDA:2,0,1,1
BRDA:2,0,2,1
BRDA:3,1,0,1
BRDA:3,1,1,0
BRDA:3,2,0,1
BRDA:3,2,1,1
BRF:7
BRH:6
end_of_record
TN:
SF:dist\src\entities\knight.js
FN:5,(anonymous_0)
FNF:1
FNH:1
FNDA:4,(anonymous_0)
DA:2,1
DA:3,1
DA:6,4
DA:14,1
LF:4
LH:4
BRDA:6,0,0,4
BRDA:6,0,1,3
BRDA:6,0,2,3
BRDA:6,0,3,1
BRDA:6,0,4,1
BRDA:6,0,5,0
BRF:6
BRH:5
end_of_record
TN:
SF:dist\src\entities\pawn.js
FN:5,(anonymous_0)
FNF:1
FNH:1
FNDA:3,(anonymous_0)
DA:2,1
DA:3,1
DA:6,3
DA:11,1
LF:4
LH:4
BRDA:6,0,0,3
BRDA:6,0,1,2
BRDA:6,0,2,1
BRF:3
BRH:3
end_of_record
TN:
SF:dist\src\entities\piece.js
FN:2,(anonymous_0)
FN:9,(anonymous_1)
FN:14,(anonymous_2)
FN:18,(anonymous_3)
FNF:4
FNH:2
FNDA:5,(anonymous_0)
FNDA:5,(anonymous_1)
FNDA:0,(anonymous_2)
FNDA:0,(anonymous_3)
DA:2,5
DA:3,5
DA:5,5
DA:6,5
DA:7,5
DA:10,5
DA:11,5
DA:12,5
DA:15,0
DA:16,0
DA:19,0
DA:20,0
DA:23,5
LF:13
LH:9
BRDA:2,0,0,5
BRDA:2,0,1,5
BRDA:2,0,2,5
BRDA:3,1,0,5
BRDA:3,1,1,0
BRDA:3,2,0,5
BRDA:3,2,1,5
BRF:7
BRH:6
end_of_record
TN:
SF:dist\src\entities\position.js
FN:4,(anonymous_0)
FN:8,(anonymous_1)
FN:11,(anonymous_2)
FNF:3
FNH:3
FNDA:26,(anonymous_0)
FNDA:58,(anonymous_1)
FNDA:84,(anonymous_2)
DA:2,6
DA:5,26
DA:6,26
DA:9,58
DA:12,84
DA:15,6
LF:6
LH:6
BRF:0
BRH:0
end_of_record
TN:
SF:dist\src\entities\queen.js
FN:5,(anonymous_0)
FNF:1
FNH:1
FNDA:4,(anonymous_0)
DA:2,1
DA:3,1
DA:6,4
DA:18,1
LF:4
LH:4
BRDA:6,0,0,4
BRDA:6,0,1,3
BRDA:6,0,2,2
BRDA:6,0,3,3
BRDA:6,0,4,2
BRDA:6,0,5,2
BRDA:6,0,6,1
BRDA:6,0,7,1
BRDA:6,0,8,1
BRF:9
BRH:9
end_of_record
TN:
SF:dist\src\entities\rook.js
FN:5,(anonymous_0)
FNF:1
FNH:1
FNDA:3,(anonymous_0)
DA:2,1
DA:3,1
DA:6,3
DA:12,1
LF:4
LH:4
BRDA:6,0,0,3
BRDA:6,0,1,2
BRDA:6,0,2,2
BRDA:6,0,3,1
BRF:4
BRH:4
end_of_record
TN:
SF:src\entities\bishop.ts
FN:7,(anonymous_0)
FNF:1
FNH:1
FNDA:2,(anonymous_0)
DA:2,1
DA:6,1
DA:8,2
LF:3
LH:3
BRDA:9,0,0,2
BRDA:9,0,1,2
BRDA:9,0,2,2
BRDA:9,0,3,2
BRDA:9,0,4,2
BRF:5
BRH:5
end_of_record
TN:
SF:src\entities\king.ts
FN:7,(anonymous_0)
FNF:1
FNH:1
FNDA:4,(anonymous_0)
DA:2,1
DA:5,1
DA:8,4
LF:3
LH:3
BRDA:8,0,0,4
BRDA:8,0,1,3
BRDA:8,0,2,3
BRDA:8,0,3,2
BRF:4
BRH:4
end_of_record
TN:
SF:src\entities\kingPiece.ts
FN:10,(anonymous_1)
FN:21,(anonymous_2)
FN:25,(anonymous_3)
FNF:3
FNH:1
FNDA:1,(anonymous_1)
FNDA:0,(anonymous_2)
FNDA:0,(anonymous_3)
DA:2,1
DA:6,1
DA:11,1
DA:14,1
DA:15,1
DA:16,1
DA:18,1
DA:22,0
DA:23,0
DA:26,0
DA:27,0
LF:11
LH:7
BRF:0
BRH:0
end_of_record
TN:
SF:src\entities\knight.ts
FN:6,(anonymous_0)
FNF:1
FNH:1
FNDA:4,(anonymous_0)
DA:1,1
DA:5,1
DA:7,4
LF:3
LH:3
BRDA:7,0,0,4
BRDA:7,0,1,3
BRDA:7,0,2,3
BRDA:7,0,3,1
BRDA:7,0,4,1
BRDA:7,0,5,0
BRF:6
BRH:5
end_of_record
TN:
SF:src\entities\pawn.ts
FN:6,(anonymous_0)
FNF:1
FNH:1
FNDA:3,(anonymous_0)
DA:1,1
DA:5,1
DA:7,3
LF:3
LH:3
BRDA:7,0,0,3
BRDA:7,0,1,2
BRDA:7,0,2,1
BRF:3
BRH:3
end_of_record
TN:
SF:src\entities\piece.ts
FN:9,(anonymous_1)
FN:19,(anonymous_2)
FN:23,(anonymous_3)
FNF:3
FNH:1
FNDA:5,(anonymous_1)
FNDA:0,(anonymous_2)
FNDA:0,(anonymous_3)
DA:2,5
DA:5,5
DA:10,5
DA:13,5
DA:15,5
DA:20,0
DA:21,0
DA:24,0
DA:25,0
LF:9
LH:5
BRF:0
BRH:0
end_of_record
TN:
SF:src\entities\position.ts
FN:4,(anonymous_0)
FN:9,(anonymous_1)
FN:12,(anonymous_2)
FNF:3
FNH:3
FNDA:26,(anonymous_0)
FNDA:58,(anonymous_1)
FNDA:84,(anonymous_2)
DA:3,6
DA:5,26
DA:6,26
DA:10,58
DA:13,84
LF:5
LH:5
BRF:0
BRH:0
end_of_record
TN:
SF:src\entities\queen.ts
FN:7,(anonymous_0)
FNF:1
FNH:1
FNDA:4,(anonymous_0)
DA:2,1
DA:6,1
DA:8,4
LF:3
LH:3
BRDA:9,0,0,4
BRDA:9,0,1,3
BRDA:9,0,2,2
BRDA:9,0,3,3
BRDA:9,0,4,2
BRDA:9,0,5,2
BRDA:9,0,6,1
BRDA:9,0,7,1
BRDA:9,0,8,1
BRF:9
BRH:9
end_of_record
TN:
SF:src\entities\rook.ts
FN:7,(anonymous_0)
FNF:1
FNH:1
FNDA:3,(anonymous_0)
DA:1,1
DA:5,1
DA:8,3
LF:3
LH:3
BRDA:8,0,0,3
BRDA:8,0,1,2
BRDA:8,0,2,2
BRDA:8,0,3,1
BRF:4
BRH:4
end_of_record
